<?xml version="1.0" encoding="UTF-8"?>
<!-- Generated by org.testng.reporters.JUnitXMLReporter -->
<testsuite ignored="0" hostname="hari" failures="0" tests="3" name="Default test" time="0.212" errors="0" timestamp="2023-12-25T13:48:51 IST">
  <testcase classname="com.simplylearn.testng.Tdd.PracticeTest" name="test1" time="0.024"/>
  <testcase classname="com.simplylearn.testng.Tdd.PracticeTest" name="test2" time="0.003"/>
  <testcase classname="com.simplylearn.testng.Tdd.PracticeTest" name="test3" time="0.005"/>
</testsuite> <!-- Default test -->
