<?xml version="1.0" encoding="UTF-8"?>
<testng-results ignored="0" total="3" passed="3" failed="0" skipped="0">
  <reporter-output>
  </reporter-output>
  <suite started-at="2023-12-25T13:48:51 IST" name="Default suite" finished-at="2023-12-25T13:48:51 IST" duration-ms="212">
    <groups>
    </groups>
    <test started-at="2023-12-25T13:48:51 IST" name="Default test" finished-at="2023-12-25T13:48:51 IST" duration-ms="212">
      <class name="com.simplylearn.testng.Tdd.PracticeTest">
        <test-method is-config="true" signature="setup()[pri:0, instance:com.simplylearn.testng.Tdd.PracticeTest@7c24b813]" started-at="2023-12-25T13:48:51 IST" name="setup" finished-at="2023-12-25T13:48:51 IST" duration-ms="41" status="PASS">
          <reporter-output>
          </reporter-output>
        </test-method> <!-- setup -->
        <test-method signature="test1()[pri:0, instance:com.simplylearn.testng.Tdd.PracticeTest@7c24b813]" started-at="2023-12-25T13:48:51 IST" name="test1" finished-at="2023-12-25T13:48:51 IST" duration-ms="24" status="PASS">
          <reporter-output>
          </reporter-output>
        </test-method> <!-- test1 -->
        <test-method signature="test2()[pri:0, instance:com.simplylearn.testng.Tdd.PracticeTest@7c24b813]" started-at="2023-12-25T13:48:51 IST" name="test2" finished-at="2023-12-25T13:48:51 IST" duration-ms="3" status="PASS">
          <reporter-output>
          </reporter-output>
        </test-method> <!-- test2 -->
        <test-method signature="test3()[pri:0, instance:com.simplylearn.testng.Tdd.PracticeTest@7c24b813]" started-at="2023-12-25T13:48:51 IST" name="test3" finished-at="2023-12-25T13:48:51 IST" duration-ms="5" status="PASS">
          <reporter-output>
          </reporter-output>
        </test-method> <!-- test3 -->
        <test-method is-config="true" signature="cleanup()[pri:0, instance:com.simplylearn.testng.Tdd.PracticeTest@7c24b813]" started-at="2023-12-25T13:48:51 IST" name="cleanup" finished-at="2023-12-25T13:48:51 IST" duration-ms="0" status="PASS">
          <reporter-output>
          </reporter-output>
        </test-method> <!-- cleanup -->
      </class> <!-- com.simplylearn.testng.Tdd.PracticeTest -->
    </test> <!-- Default test -->
  </suite> <!-- Default suite -->
</testng-results>
